0 info it worked if it ends with ok
1 verbose cli [ 'C:\\Program Files\\nodejs\\\\node.exe',
1 verbose cli   'C:\\Program Files\\nodejs\\node_modules\\npm\\bin\\npm-cli.js',
1 verbose cli   'install',
1 verbose cli   'haml-js' ]
2 info using npm@1.1.69
3 info using node@v0.8.16
4 verbose node symlink C:\Program Files\nodejs\\node.exe
5 verbose read json c:\wamp\www\nodejs-aggregator\package.json
6 verbose read json c:\wamp\www\nodejs-aggregator\node_modules\async\package.json
7 verbose read json c:\wamp\www\nodejs-aggregator\node_modules\restler\package.json
8 verbose read json c:\wamp\www\nodejs-aggregator\package.json
9 verbose cache add [ 'haml-js', null ]
10 silly cache add name=undefined spec="haml-js" args=["haml-js",null]
11 verbose parsed url { pathname: 'haml-js', path: 'haml-js', href: 'haml-js' }
12 silly lockFile d402c7a0-haml-js haml-js
13 verbose lock haml-js C:\Users\eligeske\AppData\Roaming\npm-cache\d402c7a0-haml-js.lock
14 silly lockFile d402c7a0-haml-js haml-js
15 verbose addNamed [ 'haml-js', '' ]
16 verbose addNamed [ null, '' ]
17 silly lockFile 5b9df407-haml-js haml-js@
18 verbose lock haml-js@ C:\Users\eligeske\AppData\Roaming\npm-cache\5b9df407-haml-js.lock
19 silly addNameRange { name: 'haml-js', range: '', hasData: false }
20 verbose url raw haml-js
21 verbose url resolving [ 'https://registry.npmjs.org/', './haml-js' ]
22 verbose url resolved https://registry.npmjs.org/haml-js
23 info trying registry request attempt 1 at 13:18:29
24 http GET https://registry.npmjs.org/haml-js
25 http 404 https://registry.npmjs.org/haml-js
26 silly registry.get cb [ 404,
26 silly registry.get   { server: 'CouchDB/1.2.0 (Erlang OTP/R15B)',
26 silly registry.get     date: 'Tue, 01 Jan 2013 18:17:16 GMT',
26 silly registry.get     'content-type': 'application/json',
26 silly registry.get     'content-length': '52',
26 silly registry.get     'cache-control': 'must-revalidate' } ]
27 silly lockFile 5b9df407-haml-js haml-js@
28 error 404 'haml-js' is not in the npm registry.
28 error 404 You should bug the author to publish it
28 error 404
28 error 404 Maybe try 'npm search haml'
28 error 404
28 error 404 Note that you can also install from a
28 error 404 tarball, folder, or http url, or git url.
29 error System Windows_NT 6.1.7601
30 error command "C:\\Program Files\\nodejs\\\\node.exe" "C:\\Program Files\\nodejs\\node_modules\\npm\\bin\\npm-cli.js" "install" "haml-js"
31 error cwd c:\wamp\www\nodejs-aggregator
32 error node -v v0.8.16
33 error npm -v 1.1.69
34 error code E404
35 verbose exit [ 1, true ]
